<?xml version="1.0" encoding="UTF-8"?>
<!-- Generated by org.testng.reporters.JUnitXMLReporter -->
<testsuite hostname="DESKTOP-PU3962Q" ignored="0" name="Surefire test" tests="2" failures="0" timestamp="25 Feb 2021 11:18:06 GMT" time="28.512" errors="0">
  <testcase name="runScenario" time="19.519" classname="io.cucumber.testng.AbstractTestNGCucumberTests"/>
  <testcase name="runScenario" time="25.244" classname="io.cucumber.testng.AbstractTestNGCucumberTests"/>
</testsuite> <!-- Surefire test -->
