<?xml version="1.0" encoding="UTF-8"?>
<!-- Generated by org.testng.reporters.JUnitXMLReporter -->
<testsuite hostname="DESKTOP-PU3962Q" ignored="0" name="Surefire test" tests="2" failures="0" timestamp="23 Feb 2021 07:55:36 GMT" time="26.321" errors="0">
  <testcase name="runScenario" time="17.143" classname="io.cucumber.testng.AbstractTestNGCucumberTests"/>
  <testcase name="runScenario" time="23.2" classname="io.cucumber.testng.AbstractTestNGCucumberTests"/>
</testsuite> <!-- Surefire test -->
