<?xml version="1.0" encoding="UTF-8"?>
<!-- Generated by org.testng.reporters.JUnitXMLReporter -->
<testsuite hostname="DESKTOP-PU3962Q" ignored="0" name="Default test" tests="2" failures="0" timestamp="19 Feb 2021 09:47:23 GMT" time="27.6" errors="0">
  <testcase name="runScenario" time="17.347" classname="io.cucumber.testng.AbstractTestNGCucumberTests"/>
  <testcase name="runScenario" time="24.781" classname="io.cucumber.testng.AbstractTestNGCucumberTests"/>
</testsuite> <!-- Default test -->
