<?xml version="1.0" encoding="UTF-8"?>
<!-- Generated by org.testng.reporters.JUnitXMLReporter -->
<testsuite hostname="DESKTOP-PU3962Q" ignored="0" name="Surefire test" tests="2" failures="0" timestamp="19 Feb 2021 09:57:07 GMT" time="27.473" errors="0">
  <testcase name="runScenario" time="18.541" classname="io.cucumber.testng.AbstractTestNGCucumberTests"/>
  <testcase name="runScenario" time="24.379" classname="io.cucumber.testng.AbstractTestNGCucumberTests"/>
</testsuite> <!-- Surefire test -->
