<?xml version="1.0" encoding="UTF-8"?>
<testng-results skipped="0" failed="0" ignored="0" total="2" passed="2">
  <reporter-output>
  </reporter-output>
  <suite name="Surefire suite" duration-ms="27473" started-at="2021-02-19T09:56:40Z" finished-at="2021-02-19T09:57:07Z">
    <groups>
      <group name="cucumber">
        <method signature="AbstractTestNGCucumberTests.runScenario(io.cucumber.testng.PickleWrapper, io.cucumber.testng.FeatureWrapper)[pri:0, instance:Parallel.ParallelRun@6f7fd0e6]" name="runScenario" class="io.cucumber.testng.AbstractTestNGCucumberTests"/>
      </group> <!-- cucumber -->
    </groups>
    <test name="Surefire test" duration-ms="27473" started-at="2021-02-19T09:56:40Z" finished-at="2021-02-19T09:57:07Z">
      <class name="Parallel.ParallelRun">
        <test-method status="PASS" signature="setUpClass()[pri:0, instance:Parallel.ParallelRun@6f7fd0e6]" name="setUpClass" is-config="true" duration-ms="536" started-at="2021-02-19T09:56:40Z" finished-at="2021-02-19T09:56:40Z">
          <reporter-output>
          </reporter-output>
        </test-method> <!-- setUpClass -->
        <test-method status="PASS" signature="runScenario(io.cucumber.testng.PickleWrapper, io.cucumber.testng.FeatureWrapper)[pri:0, instance:Parallel.ParallelRun@6f7fd0e6]" name="runScenario" duration-ms="18541" started-at="2021-02-19T09:56:40Z" description="Runs Cucumber Scenarios" data-provider="scenarios" finished-at="2021-02-19T09:56:59Z">
          <params>
            <param index="0">
              <value>
                <![CDATA["Check Company deatails"]]>
              </value>
            </param>
            <param index="1">
              <value>
                <![CDATA["Optional[To test the Company functionality of Subsource]"]]>
              </value>
            </param>
          </params>
          <reporter-output>
          </reporter-output>
        </test-method> <!-- runScenario -->
        <test-method status="PASS" signature="runScenario(io.cucumber.testng.PickleWrapper, io.cucumber.testng.FeatureWrapper)[pri:0, instance:Parallel.ParallelRun@6f7fd0e6]" name="runScenario" duration-ms="24379" started-at="2021-02-19T09:56:40Z" description="Runs Cucumber Scenarios" data-provider="scenarios" finished-at="2021-02-19T09:57:05Z">
          <params>
            <param index="0">
              <value>
                <![CDATA["Check Shop deatails"]]>
              </value>
            </param>
            <param index="1">
              <value>
                <![CDATA["Optional[To test the Shoppage functionality of Subsource]"]]>
              </value>
            </param>
          </params>
          <reporter-output>
          </reporter-output>
        </test-method> <!-- runScenario -->
        <test-method status="PASS" signature="tearDownClass()[pri:0, instance:Parallel.ParallelRun@6f7fd0e6]" name="tearDownClass" is-config="true" duration-ms="2540" started-at="2021-02-19T09:57:05Z" finished-at="2021-02-19T09:57:07Z">
          <reporter-output>
          </reporter-output>
        </test-method> <!-- tearDownClass -->
      </class> <!-- Parallel.ParallelRun -->
    </test> <!-- Surefire test -->
  </suite> <!-- Surefire suite -->
</testng-results>
