<?xml version="1.0" encoding="UTF-8"?>
<testng-results skipped="0" failed="0" ignored="0" total="2" passed="2">
  <reporter-output>
  </reporter-output>
  <suite name="Default suite" duration-ms="27600" started-at="2021-02-19T09:46:56Z" finished-at="2021-02-19T09:47:23Z">
    <groups>
      <group name="cucumber">
        <method signature="AbstractTestNGCucumberTests.runScenario(io.cucumber.testng.PickleWrapper, io.cucumber.testng.FeatureWrapper)[pri:0, instance:Parallel.ParallelRun@48503868]" name="runScenario" class="io.cucumber.testng.AbstractTestNGCucumberTests"/>
      </group> <!-- cucumber -->
    </groups>
    <test name="Default test" duration-ms="27600" started-at="2021-02-19T09:46:56Z" finished-at="2021-02-19T09:47:23Z">
      <class name="Parallel.ParallelRun">
        <test-method status="PASS" signature="setUpClass()[pri:0, instance:Parallel.ParallelRun@48503868]" name="setUpClass" is-config="true" duration-ms="589" started-at="2021-02-19T15:16:56Z" finished-at="2021-02-19T15:16:56Z">
          <reporter-output>
          </reporter-output>
        </test-method> <!-- setUpClass -->
        <test-method status="PASS" signature="runScenario(io.cucumber.testng.PickleWrapper, io.cucumber.testng.FeatureWrapper)[pri:0, instance:Parallel.ParallelRun@48503868]" name="runScenario" duration-ms="24781" started-at="2021-02-19T15:16:56Z" description="Runs Cucumber Scenarios" data-provider="scenarios" finished-at="2021-02-19T15:17:21Z">
          <params>
            <param index="0">
              <value>
                <![CDATA["Check Shop deatails"]]>
              </value>
            </param>
            <param index="1">
              <value>
                <![CDATA["Optional[To test the Shoppage functionality of Subsource]"]]>
              </value>
            </param>
          </params>
          <reporter-output>
          </reporter-output>
        </test-method> <!-- runScenario -->
        <test-method status="PASS" signature="runScenario(io.cucumber.testng.PickleWrapper, io.cucumber.testng.FeatureWrapper)[pri:0, instance:Parallel.ParallelRun@48503868]" name="runScenario" duration-ms="17347" started-at="2021-02-19T15:16:56Z" description="Runs Cucumber Scenarios" data-provider="scenarios" finished-at="2021-02-19T15:17:14Z">
          <params>
            <param index="0">
              <value>
                <![CDATA["Check Company deatails"]]>
              </value>
            </param>
            <param index="1">
              <value>
                <![CDATA["Optional[To test the Company functionality of Subsource]"]]>
              </value>
            </param>
          </params>
          <reporter-output>
          </reporter-output>
        </test-method> <!-- runScenario -->
        <test-method status="PASS" signature="tearDownClass()[pri:0, instance:Parallel.ParallelRun@48503868]" name="tearDownClass" is-config="true" duration-ms="2212" started-at="2021-02-19T15:17:21Z" finished-at="2021-02-19T15:17:23Z">
          <reporter-output>
          </reporter-output>
        </test-method> <!-- tearDownClass -->
      </class> <!-- Parallel.ParallelRun -->
    </test> <!-- Default test -->
  </suite> <!-- Default suite -->
</testng-results>
